<?xml version="1.0" encoding="UTF-8"?>
<!-- Generated by org.testng.reporters.JUnitReportReporter -->
<testsuite hostname="Praveen" failures="0" tests="1" name="pom.TestCase1" time="14.208" errors="0" timestamp="2022-03-28T13:25:35 IST" skipped="0">
  <testcase classname="pom.TestCase1" name="test" time="14.208"/>
  <system-out/>
</testsuite> <!-- pom.TestCase1 -->
